Determining if the pthread_create exist failed with the following output:
Change Dir: /home/szymon/modernCppTddWorkshop/cmake-build-debug/CMakeFiles/CMakeTmp

Run Build Command:"/usr/bin/make" "cmTC_36d13/fast"
/usr/bin/make -f CMakeFiles/cmTC_36d13.dir/build.make CMakeFiles/cmTC_36d13.dir/build
make[1]: Entering directory '/home/szymon/modernCppTddWorkshop/cmake-build-debug/CMakeFiles/CMakeTmp'
Building C object CMakeFiles/cmTC_36d13.dir/CheckSymbolExists.c.o
/usr/bin/cc    -o CMakeFiles/cmTC_36d13.dir/CheckSymbolExists.c.o   -c /home/szymon/modernCppTddWorkshop/cmake-build-debug/CMakeFiles/CMakeTmp/CheckSymbolExists.c
Linking C executable cmTC_36d13
/home/szymon/Pulpit/clion-2017.2.3/bin/cmake/bin/cmake -E cmake_link_script CMakeFiles/cmTC_36d13.dir/link.txt --verbose=1
/usr/bin/cc      -rdynamic CMakeFiles/cmTC_36d13.dir/CheckSymbolExists.c.o  -o cmTC_36d13 
CMakeFiles/cmTC_36d13.dir/CheckSymbolExists.c.o: In function `main':
CheckSymbolExists.c:(.text+0x16): undefined reference to `pthread_create'
collect2: error: ld returned 1 exit status
CMakeFiles/cmTC_36d13.dir/build.make:97: recipe for target 'cmTC_36d13' failed
make[1]: *** [cmTC_36d13] Error 1
make[1]: Leaving directory '/home/szymon/modernCppTddWorkshop/cmake-build-debug/CMakeFiles/CMakeTmp'
Makefile:126: recipe for target 'cmTC_36d13/fast' failed
make: *** [cmTC_36d13/fast] Error 2

File /home/szymon/modernCppTddWorkshop/cmake-build-debug/CMakeFiles/CMakeTmp/CheckSymbolExists.c:
/* */
#include <pthread.h>

int main(int argc, char** argv)
{
  (void)argv;
#ifndef pthread_create
  return ((int*)(&pthread_create))[argc];
#else
  (void)argc;
  return 0;
#endif
}

